{"type":"server-started","port":56700,"host":"127.0.0.1","url_host":"localhost","url":"http://localhost:56700","screen_dir":"/home/ignis/GolandProjects/pharmaco/.superpowers/brainstorm/1480224-1777162333/content","state_dir":"/home/ignis/GolandProjects/pharmaco/.superpowers/brainstorm/1480224-1777162333/state"}
{"type":"screen-added","file":"/home/ignis/GolandProjects/pharmaco/.superpowers/brainstorm/1480224-1777162333/content/module1-overwrite-scope.html"}
{"source":"user-event","type":"click","text":"A\n      \n        Users List\n        Overwrite /users-list (current generic users list page) with “Users” tab UI.","choice":"users-list","id":null,"timestamp":1777162456538}
{"source":"user-event","type":"click","text":"B\n      \n        Role & Access\n        Overwrite /role-access + /assign-role with “Roles & Permissions” tab UI.","choice":"role-access","id":null,"timestamp":1777162459334}
{"source":"user-event","type":"click","text":"C\n      \n        Audit Logs\n        Create or repurpose a route (e.g. /admin/audit) for the “Audit Logs” tab UI.","choice":"audit-logs","id":null,"timestamp":1777162464605}
{"source":"user-event","type":"click","text":"D\n      \n        Authentication pages\n        Restyle /sign-in / /forgot-password / /sign-in/otp to match the new Module 1 visual system.","choice":"auth-pages","id":null,"timestamp":1777162465865}
{"source":"user-event","type":"click","text":"E\n      \n        Branch members (existing Lekurax screen)\n        Restyle /lekurax/branches/:branchId/users to match Module 1 (it’s “user assignment” adjacent).","choice":"branch-users","id":null,"timestamp":1777162471256}
{"source":"user-event","type":"click","text":"2\n      \n        Replace existing menus\n        Keep current sidebar groups, but their targets become the Module 1 screens. More invasive but “feels” integrated.","choice":"replace-existing-menus","id":null,"timestamp":1777162515451}
{"source":"user-event","type":"click","text":"1\n      \n        Dedicated Admin area\n        Add a single entry like “Admin” in sidebar; inside it, Module 1 tabs + settings. Minimal impact to other menus.","choice":"dedicated-admin","id":null,"timestamp":1777162520517}
{"source":"user-event","type":"click","text":"2\n      \n        Replace existing menus\n        Keep current sidebar groups, but their targets become the Module 1 screens. More invasive but “feels” integrated.","choice":"replace-existing-menus","id":null,"timestamp":1777162647867}
{"source":"user-event","type":"click","text":"1\n      \n        Dedicated Admin area\n        Add a single entry like “Admin” in sidebar; inside it, Module 1 tabs + settings. Minimal impact to other menus.","choice":"dedicated-admin","id":null,"timestamp":1777162650629}
{"type":"screen-added","file":"/home/ignis/GolandProjects/pharmaco/.superpowers/brainstorm/1480224-1777162333/content/module1-admin-ia.html"}
{"source":"user-event","type":"click","text":"Users page\n        Uses the mockup’s Users tab layout: KPI row + filters bar + users table + modals.","choice":"users-page","id":null,"timestamp":1777163376885}
{"source":"user-event","type":"click","text":"Roles & Permissions page\n        Uses the mockup’s Roles tab table + “Create custom role” modal + permission matrix layout.","choice":"roles-page","id":null,"timestamp":1777163379345}
{"source":"user-event","type":"click","text":"✓\n      \n        IA approved\n        Proceed to page-level design.","choice":"ia-approved","id":null,"timestamp":1777163414225}
{"source":"user-event","type":"click","text":"Roles & Permissions page\n        Uses the mockup’s Roles tab table + “Create custom role” modal + permission matrix layout.","choice":"roles-page","id":null,"timestamp":1777163415664}
{"source":"user-event","type":"click","text":"Roles & Permissions page\n        Uses the mockup’s Roles tab table + “Create custom role” modal + permission matrix layout.","choice":"roles-page","id":null,"timestamp":1777163417778}
{"source":"user-event","type":"click","text":"Roles & Permissions page\n        Uses the mockup’s Roles tab table + “Create custom role” modal + permission matrix layout.","choice":"roles-page","id":null,"timestamp":1777163418570}
{"source":"user-event","type":"click","text":"Audit logs page\n        Uses the mockup’s Audit tab: search + category + range + export + table.","choice":"audit-page","id":null,"timestamp":1777163419494}
{"source":"user-event","type":"click","text":"Auth policies page\n        New page that consolidates mockup “Settings”: password + MFA + session management, backed by Authz APIs.","choice":"policies-page","id":null,"timestamp":1777163421127}
{"source":"user-event","type":"click","text":"Audit logs page\n        Uses the mockup’s Audit tab: search + category + range + export + table.","choice":"audit-page","id":null,"timestamp":1777163424982}
{"source":"user-event","type":"click","text":"Users page\n        Uses the mockup’s Users tab layout: KPI row + filters bar + users table + modals.","choice":"users-page","id":null,"timestamp":1777163426638}
{"source":"user-event","type":"click","text":"Users page\n        Uses the mockup’s Users tab layout: KPI row + filters bar + users table + modals.","choice":"users-page","id":null,"timestamp":1777163431403}
{"source":"user-event","type":"click","text":"Users page\n        Uses the mockup’s Users tab layout: KPI row + filters bar + users table + modals.","choice":"users-page","id":null,"timestamp":1777163431673}
{"source":"user-event","type":"click","text":"Users page\n        Uses the mockup’s Users tab layout: KPI row + filters bar + users table + modals.","choice":"users-page","id":null,"timestamp":1777163431993}
{"source":"user-event","type":"click","text":"Users page\n        Uses the mockup’s Users tab layout: KPI row + filters bar + users table + modals.","choice":"users-page","id":null,"timestamp":1777163432678}
{"source":"user-event","type":"click","text":"✓\n      \n        IA approved\n        Proceed to page-level design.","choice":"ia-approved","id":null,"timestamp":1777163455800}
{"type":"screen-added","file":"/home/ignis/GolandProjects/pharmaco/.superpowers/brainstorm/1480224-1777162333/content/module1-page-designs.html"}
{"source":"user-event","type":"click","text":"✓\n      \n        Pages approved\n        Proceed to write the spec document.","choice":"pages-approved","id":null,"timestamp":1777163998705}
{"type":"server-stopped","reason":"idle timeout"}
